## --------- ##
## Platform. ##
## --------- ##

hostname = chenlh1
uname -m = i686
uname -r = 1.5.25(0.156/4/2)
uname -s = CYGWIN_NT-5.1
uname -v = 2008-06-12 19:34

/usr/bin/uname -p = unknown
/bin/uname -X     = unknown

/bin/arch              = unknown
/usr/bin/arch -k       = unknown
/usr/convex/getsysinfo = unknown
/usr/bin/hostinfo      = unknown
/bin/machine           = unknown
/usr/bin/oslevel       = unknown
/bin/universe          = unknown

PATH: /usr/local/bin
PATH: /usr/bin
PATH: /bin
PATH: /usr/X11R6/bin
PATH: /cygdrive/d/KIDE/host/ide/eclipse/jre/bin/client
PATH: /cygdrive/d/KIDE/host/ide/eclipse/jre/bin
PATH: /cygdrive/d/KIDE/host/ide/eclipse/jre/bin/client
PATH: /cygdrive/d/KIDE/host/ide/eclipse/jre/bin
PATH: /usr/bin
PATH: /cygdrive/c/WINDOWS/system32
PATH: /cygdrive/c/WINDOWS
PATH: /cygdrive/c/WINDOWS/System32/Wbem
PATH: /cygdrive/c/Tornado2.2/host/x86-win32/bin
PATH: /cygdrive/c/clease case/bin
PATH: /cygdrive/c/Program Files/Rational/common
PATH: /cygdrive/c/Program Files/Rational/ClearQuest
PATH: /cygdrive/c/clease case/common
PATH: /cygdrive/c/program files/winrar
PATH: /cygdrive/c/DOS/BIN
PATH: /cygdrive/c/DOS/BIN/KEY


## ----------- ##
## Core tests. ##
## ----------- ##

configure:1893: checking build system type
configure:1911: result: i686-pc-cygwin
configure:1933: checking host system type
configure:1948: result: powerpc-unknown-linux-gnu
configure:2057: checking whether make sets $(MAKE)
configure:2079: result: yes
configure:2096: checking for powerpc-linux-gcc
configure:2126: result: no
configure:2136: checking for gcc
configure:2152: found /usr/bin/gcc
configure:2163: result: gcc
configure:2395: checking for C compiler version
configure:2403: gcc --version >&5
gcc (GCC) 3.4.4 (cygming special, gdc 0.12, using dmd 0.125)
Copyright (C) 2004 Free Software Foundation, Inc.
This is free software; see the source for copying conditions.  There is NO
warranty; not even for MERCHANTABILITY or FITNESS FOR A PARTICULAR PURPOSE.

configure:2407: $? = 0
configure:2414: gcc -v >&5
Reading specs from /usr/lib/gcc/i686-pc-cygwin/3.4.4/specs
Configured with: /usr/build/package/orig/test.respin/gcc-3.4.4-3/configure --verbose --prefix=/usr --exec-prefix=/usr --sysconfdir=/etc --libdir=/usr/lib --libexecdir=/usr/lib --mandir=/usr/share/man --infodir=/usr/share/info --enable-languages=c,ada,c++,d,f77,pascal,java,objc --enable-nls --without-included-gettext --enable-version-specific-runtime-libs --without-x --enable-libgcj --disable-java-awt --with-system-zlib --enable-interpreter --disable-libgcj-debug --enable-threads=posix --enable-java-gc=boehm --disable-win32-registry --enable-sjlj-exceptions --enable-hash-synchronization --enable-libstdcxx-debug
Thread model: posix
gcc version 3.4.4 (cygming special, gdc 0.12, using dmd 0.125)
configure:2418: $? = 0
configure:2425: gcc -V >&5
gcc: `-V' option must have argument
configure:2429: $? = 1
configure:2452: checking for C compiler default output file name
configure:2474: gcc -g   conftest.c  >&5
configure:2478: $? = 0
configure:2516: result: a.exe
configure:2535: checking whether the C compiler works
configure:2545: ./a.exe
configure:2549: $? = 0
configure:2568: result: yes
configure:2575: checking whether we are cross compiling
configure:2577: result: no
configure:2580: checking for suffix of executables
configure:2587: gcc -o conftest.exe -g   conftest.c  >&5
configure:2591: $? = 0
configure:2617: result: .exe
configure:2623: checking for suffix of object files
configure:2649: gcc -c -g  conftest.c >&5
configure:2653: $? = 0
configure:2678: result: o
configure:2682: checking whether we are using the GNU C compiler
configure:2711: gcc -c -g  conftest.c >&5
configure:2718: $? = 0
configure:2735: result: yes
configure:2744: checking whether gcc accepts -g
configure:2774: gcc -c -g  conftest.c >&5
configure:2781: $? = 0
configure:2882: result: yes
configure:2899: checking for gcc option to accept ISO C89
configure:2973: gcc  -c -g  conftest.c >&5
configure:2980: $? = 0
configure:3003: result: none needed
configure:3027: checking how to run the C preprocessor
configure:3067: gcc -E  conftest.c
configure:3074: $? = 0
configure:3105: gcc -E  conftest.c
conftest.c:2:28: ac_nonexistent.h: No such file or directory
configure:3112: $? = 1
configure: failed program was:
| /* end confdefs.h.  */
| #include <ac_nonexistent.h>
configure:3145: result: gcc -E
configure:3174: gcc -E  conftest.c
configure:3181: $? = 0
configure:3212: gcc -E  conftest.c
conftest.c:2:28: ac_nonexistent.h: No such file or directory
configure:3219: $? = 1
configure: failed program was:
| /* end confdefs.h.  */
| #include <ac_nonexistent.h>
configure:3259: checking for grep that handles long lines and -e
configure:3319: result: /usr/bin/grep
configure:3324: checking for egrep
configure:3388: result: /usr/bin/grep -E
configure:3393: checking for ANSI C header files
configure:3423: gcc -c -g  conftest.c >&5
configure:3430: $? = 0
configure:3529: gcc -o conftest.exe -g   conftest.c  >&5
configure:3533: $? = 0
configure:3539: ./conftest.exe
configure:3543: $? = 0
configure:3561: result: yes
configure:3585: checking for sys/types.h
configure:3606: gcc -c -g  conftest.c >&5
configure:3613: $? = 0
configure:3630: result: yes
configure:3585: checking for sys/stat.h
configure:3606: gcc -c -g  conftest.c >&5
configure:3613: $? = 0
configure:3630: result: yes
configure:3585: checking for stdlib.h
configure:3606: gcc -c -g  conftest.c >&5
configure:3613: $? = 0
configure:3630: result: yes
configure:3585: checking for string.h
configure:3606: gcc -c -g  conftest.c >&5
configure:3613: $? = 0
configure:3630: result: yes
configure:3585: checking for memory.h
configure:3606: gcc -c -g  conftest.c >&5
configure:3613: $? = 0
configure:3630: result: yes
configure:3585: checking for strings.h
configure:3606: gcc -c -g  conftest.c >&5
configure:3613: $? = 0
configure:3630: result: yes
configure:3585: checking for inttypes.h
configure:3606: gcc -c -g  conftest.c >&5
configure:3613: $? = 0
configure:3630: result: yes
configure:3585: checking for stdint.h
configure:3606: gcc -c -g  conftest.c >&5
configure:3613: $? = 0
configure:3630: result: yes
configure:3585: checking for unistd.h
configure:3606: gcc -c -g  conftest.c >&5
configure:3613: $? = 0
configure:3630: result: yes
configure:3655: checking minix/config.h usability
configure:3672: gcc -c -g  conftest.c >&5
conftest.c:35:26: minix/config.h: No such file or directory
configure:3679: $? = 1
configure: failed program was:
| /* end confdefs.h.  */
| #include <stdio.h>
| #ifdef HAVE_SYS_TYPES_H
| # include <sys/types.h>
| #endif
| #ifdef HAVE_SYS_STAT_H
| # include <sys/stat.h>
| #endif
| #ifdef STDC_HEADERS
| # include <stdlib.h>
| # include <stddef.h>
| #else
| # ifdef HAVE_STDLIB_H
| #  include <stdlib.h>
| # endif
| #endif
| #ifdef HAVE_STRING_H
| # if !defined STDC_HEADERS && defined HAVE_MEMORY_H
| #  include <memory.h>
| # endif
| # include <string.h>
| #endif
| #ifdef HAVE_STRINGS_H
| # include <strings.h>
| #endif
| #ifdef HAVE_INTTYPES_H
| # include <inttypes.h>
| #endif
| #ifdef HAVE_STDINT_H
| # include <stdint.h>
| #endif
| #ifdef HAVE_UNISTD_H
| # include <unistd.h>
| #endif
| #include <minix/config.h>
configure:3693: result: no
configure:3697: checking minix/config.h presence
configure:3712: gcc -E  conftest.c
conftest.c:2:26: minix/config.h: No such file or directory
configure:3719: $? = 1
configure: failed program was:
| /* end confdefs.h.  */
| #include <minix/config.h>
configure:3733: result: no
configure:3766: checking for minix/config.h
configure:3773: result: no
configure:3804: checking whether it is safe to define __EXTENSIONS__
configure:3832: gcc -c -g  conftest.c >&5
configure:3839: $? = 0
configure:3854: result: yes
configure:3883: checking whether gcc needs -traditional
conftest.c:2:19: sgtty.h: No such file or directory
configure:3925: result: no
configure:3946: checking for a BSD-compatible install
configure:4014: result: /usr/bin/install -c
configure:4027: checking for ar
configure:4043: found /usr/bin/ar
configure:4055: result: ar
configure:4067: checking for powerpc-linux-ranlib
configure:4097: result: no
configure:4107: checking for ranlib
configure:4123: found /usr/bin/ranlib
configure:4134: result: ranlib
configure:4160: checking for an ANSI C-conforming const
configure:4235: gcc -c -g -O  conftest.c >&5
configure:4242: $? = 0
configure:4257: result: yes
configure:4267: checking for function prototypes
configure:4270: result: yes
configure:4288: checking whether char is unsigned
configure:4316: gcc -c -g -O  conftest.c >&5
configure:4323: $? = 0
configure:4338: result: no
configure:4347: checking for working volatile
configure:4376: gcc -c -g -O  conftest.c >&5
configure:4383: $? = 0
configure:4398: result: yes
configure:4409: checking return type of signal handlers
configure:4437: gcc -c -g -O  conftest.c >&5
conftest.c: In function `main':
conftest.c:8: error: void value not ignored as it ought to be
configure:4444: $? = 1
configure: failed program was:
| /* end confdefs.h.  */
| #include <sys/types.h>
| #include <signal.h>
| 
| int
| main ()
| {
| return *(signal (0, 0)) (0) == 1;
|   ;
|   return 0;
| }
configure:4459: result: void
configure:4468: checking for size_t
configure:4496: gcc -c -g -O  conftest.c >&5
configure:4503: $? = 0
configure:4530: gcc -c -g -O  conftest.c >&5
conftest.c: In function `main':
conftest.c:38: error: parse error before ')' token
configure:4537: $? = 1
configure: failed program was:
| /* end confdefs.h.  */
| #include <stdio.h>
| #ifdef HAVE_SYS_TYPES_H
| # include <sys/types.h>
| #endif
| #ifdef HAVE_SYS_STAT_H
| # include <sys/stat.h>
| #endif
| #ifdef STDC_HEADERS
| # include <stdlib.h>
| # include <stddef.h>
| #else
| # ifdef HAVE_STDLIB_H
| #  include <stdlib.h>
| # endif
| #endif
| #ifdef HAVE_STRING_H
| # if !defined STDC_HEADERS && defined HAVE_MEMORY_H
| #  include <memory.h>
| # endif
| # include <string.h>
| #endif
| #ifdef HAVE_STRINGS_H
| # include <strings.h>
| #endif
| #ifdef HAVE_INTTYPES_H
| # include <inttypes.h>
| #endif
| #ifdef HAVE_STDINT_H
| # include <stdint.h>
| #endif
| #ifdef HAVE_UNISTD_H
| # include <unistd.h>
| #endif
| int
| main ()
| {
| if (sizeof ((size_t)))
| 	  return 0;
|   ;
|   return 0;
| }
configure:4560: result: yes
configure:4572: checking for ssize_t
configure:4600: gcc -c -g -O  conftest.c >&5
configure:4607: $? = 0
configure:4634: gcc -c -g -O  conftest.c >&5
conftest.c: In function `main':
conftest.c:38: error: parse error before ')' token
configure:4641: $? = 1
configure: failed program was:
| /* end confdefs.h.  */
| #include <stdio.h>
| #ifdef HAVE_SYS_TYPES_H
| # include <sys/types.h>
| #endif
| #ifdef HAVE_SYS_STAT_H
| # include <sys/stat.h>
| #endif
| #ifdef STDC_HEADERS
| # include <stdlib.h>
| # include <stddef.h>
| #else
| # ifdef HAVE_STDLIB_H
| #  include <stdlib.h>
| # endif
| #endif
| #ifdef HAVE_STRING_H
| # if !defined STDC_HEADERS && defined HAVE_MEMORY_H
| #  include <memory.h>
| # endif
| # include <string.h>
| #endif
| #ifdef HAVE_STRINGS_H
| # include <strings.h>
| #endif
| #ifdef HAVE_INTTYPES_H
| # include <inttypes.h>
| #endif
| #ifdef HAVE_STDINT_H
| # include <stdint.h>
| #endif
| #ifdef HAVE_UNISTD_H
| # include <unistd.h>
| #endif
| int
| main ()
| {
| if (sizeof ((ssize_t)))
| 	  return 0;
|   ;
|   return 0;
| }
configure:4664: result: yes
configure:4677: checking for ANSI C header files
configure:4845: result: yes
configure:4856: checking whether stat file-mode macros are broken
configure:4893: gcc -c -g -O  conftest.c >&5
configure:4900: $? = 0
configure:4915: result: no
configure:4933: checking for dirent.h that defines DIR
configure:4962: gcc -c -g -O  conftest.c >&5
configure:4969: $? = 0
configure:4986: result: yes
configure:5001: checking for library containing opendir
configure:5042: gcc -o conftest.exe -g -O   conftest.c  >&5
configure:5049: $? = 0
configure:5080: result: none required
configure:5185: checking for fcntl
configure:5241: gcc -o conftest.exe -g -O   conftest.c  >&5
configure:5248: $? = 0
configure:5270: result: yes
configure:5185: checking for kill
configure:5241: gcc -o conftest.exe -g -O   conftest.c  >&5
configure:5248: $? = 0
configure:5270: result: yes
configure:5185: checking for lstat
configure:5241: gcc -o conftest.exe -g -O   conftest.c  >&5
configure:5248: $? = 0
configure:5270: result: yes
configure:5295: checking for memmove
configure:5351: gcc -o conftest.exe -g -O   conftest.c  >&5
conftest.c:25: warning: conflicting types for built-in function 'memmove'
configure:5358: $? = 0
configure:5380: result: yes
configure:5295: checking for putenv
configure:5351: gcc -o conftest.exe -g -O   conftest.c  >&5
configure:5358: $? = 0
configure:5380: result: yes
configure:5295: checking for select
configure:5351: gcc -o conftest.exe -g -O   conftest.c  >&5
configure:5358: $? = 0
configure:5380: result: yes
configure:5295: checking for setenv
configure:5351: gcc -o conftest.exe -g -O   conftest.c  >&5
configure:5358: $? = 0
configure:5380: result: yes
configure:5295: checking for setlocale
configure:5351: gcc -o conftest.exe -g -O   conftest.c  >&5
configure:5358: $? = 0
configure:5380: result: yes
configure:5295: checking for strcasecmp
configure:5351: gcc -o conftest.exe -g -O   conftest.c  >&5
configure:5358: $? = 0
configure:5380: result: yes
configure:5295: checking for strpbrk
configure:5351: gcc -o conftest.exe -g -O   conftest.c  >&5
conftest.c:25: warning: conflicting types for built-in function 'strpbrk'
configure:5358: $? = 0
configure:5380: result: yes
configure:5295: checking for tcgetattr
configure:5351: gcc -o conftest.exe -g -O   conftest.c  >&5
configure:5358: $? = 0
configure:5380: result: yes
configure:5295: checking for vsnprintf
configure:5351: gcc -o conftest.exe -g -O   conftest.c  >&5
conftest.c:25: warning: conflicting types for built-in function 'vsnprintf'
configure:5358: $? = 0
configure:5380: result: yes
configure:5397: checking for isascii
configure:5453: gcc -o conftest.exe -g -O   conftest.c  >&5
configure:5460: $? = 0
configure:5482: result: yes
configure:5397: checking for isxdigit
configure:5453: gcc -o conftest.exe -g -O   conftest.c  >&5
configure:5460: $? = 0
configure:5482: result: yes
configure:5500: checking for getpwent
configure:5556: gcc -o conftest.exe -g -O   conftest.c  >&5
configure:5563: $? = 0
configure:5585: result: yes
configure:5500: checking for getpwnam
configure:5556: gcc -o conftest.exe -g -O   conftest.c  >&5
configure:5563: $? = 0
configure:5585: result: yes
configure:5500: checking for getpwuid
configure:5556: gcc -o conftest.exe -g -O   conftest.c  >&5
configure:5563: $? = 0
configure:5585: result: yes
configure:5598: checking for working strcoll
configure:5629: gcc -o conftest.exe -g -O   conftest.c  >&5
configure:5633: $? = 0
configure:5639: ./conftest.exe
configure:5643: $? = 0
configure:5660: result: yes
configure:5701: checking fcntl.h usability
configure:5718: gcc -c -g -O  conftest.c >&5
configure:5725: $? = 0
configure:5739: result: yes
configure:5743: checking fcntl.h presence
configure:5758: gcc -E  conftest.c
configure:5765: $? = 0
configure:5779: result: yes
configure:5812: checking for fcntl.h
configure:5821: result: yes
configure:5690: checking for unistd.h
configure:5697: result: yes
configure:5690: checking for stdlib.h
configure:5697: result: yes
configure:5701: checking varargs.h usability
configure:5718: gcc -c -g -O  conftest.c >&5
In file included from conftest.c:35:
/usr/lib/gcc/i686-pc-cygwin/3.4.4/include/varargs.h:4:2: #error "GCC no longer implements <varargs.h>."
/usr/lib/gcc/i686-pc-cygwin/3.4.4/include/varargs.h:5:2: #error "Revise your code to use <stdarg.h>."
configure:5725: $? = 1
configure: failed program was:
| /* end confdefs.h.  */
| #include <stdio.h>
| #ifdef HAVE_SYS_TYPES_H
| # include <sys/types.h>
| #endif
| #ifdef HAVE_SYS_STAT_H
| # include <sys/stat.h>
| #endif
| #ifdef STDC_HEADERS
| # include <stdlib.h>
| # include <stddef.h>
| #else
| # ifdef HAVE_STDLIB_H
| #  include <stdlib.h>
| # endif
| #endif
| #ifdef HAVE_STRING_H
| # if !defined STDC_HEADERS && defined HAVE_MEMORY_H
| #  include <memory.h>
| # endif
| # include <string.h>
| #endif
| #ifdef HAVE_STRINGS_H
| # include <strings.h>
| #endif
| #ifdef HAVE_INTTYPES_H
| # include <inttypes.h>
| #endif
| #ifdef HAVE_STDINT_H
| # include <stdint.h>
| #endif
| #ifdef HAVE_UNISTD_H
| # include <unistd.h>
| #endif
| #include <varargs.h>
configure:5739: result: no
configure:5743: checking varargs.h presence
configure:5758: gcc -E  conftest.c
In file included from conftest.c:2:
/usr/lib/gcc/i686-pc-cygwin/3.4.4/include/varargs.h:4:2: #error "GCC no longer implements <varargs.h>."
/usr/lib/gcc/i686-pc-cygwin/3.4.4/include/varargs.h:5:2: #error "Revise your code to use <stdarg.h>."
configure:5765: $? = 1
configure: failed program was:
| /* end confdefs.h.  */
| #include <varargs.h>
| org"
configure:5779: result: no
configure:5812: checking for varargs.h
configure:5821: result: no
configure:5701: checking stdarg.h usability
configure:5718: gcc -c -g -O  conftest.c >&5
configure:5725: $? = 0
configure:5739: result: yes
configure:5743: checking stdarg.h presence
configure:5758: gcc -E  conftest.c
configure:5765: $? = 0
configure:5779: result: yes
configure:5812: checking for stdarg.h
configure:5821: result: yes
configure:5690: checking for string.h
configure:5697: result: yes
configure:5690: checking for strings.h
configure:5697: result: yes
configure:5701: checking limits.h usability
configure:5718: gcc -c -g -O  conftest.c >&5
configure:5725: $? = 0
configure:5739: result: yes
configure:5743: checking limits.h presence
configure:5758: gcc -E  conftest.c
configure:5765: $? = 0
configure:5779: result: yes
configure:5812: checking for limits.h
configure:5821: result: yes
configure:5701: checking locale.h usability
configure:5718: gcc -c -g -O  conftest.c >&5
configure:5725: $? = 0
configure:5739: result: yes
configure:5743: checking locale.h presence
configure:5758: gcc -E  conftest.c
configure:5765: $? = 0
configure:5779: result: yes
configure:5812: checking for locale.h
configure:5821: result: yes
configure:5701: checking pwd.h usability
configure:5718: gcc -c -g -O  conftest.c >&5
configure:5725: $? = 0
configure:5739: result: yes
configure:5743: checking pwd.h presence
configure:5758: gcc -E  conftest.c
configure:5765: $? = 0
configure:5779: result: yes
configure:5812: checking for pwd.h
configure:5821: result: yes
configure:5690: checking for memory.h
configure:5697: result: yes
configure:5701: checking termcap.h usability
configure:5718: gcc -c -g -O  conftest.c >&5
configure:5725: $? = 0
configure:5739: result: yes
configure:5743: checking termcap.h presence
configure:5758: gcc -E  conftest.c
configure:5765: $? = 0
configure:5779: result: yes
configure:5812: checking for termcap.h
configure:5821: result: yes
configure:5701: checking termios.h usability
configure:5718: gcc -c -g -O  conftest.c >&5
configure:5725: $? = 0
configure:5739: result: yes
configure:5743: checking termios.h presence
configure:5758: gcc -E  conftest.c
configure:5765: $? = 0
configure:5779: result: yes
configure:5812: checking for termios.h
configure:5821: result: yes
configure:5701: checking termio.h usability
configure:5718: gcc -c -g -O  conftest.c >&5
configure:5725: $? = 0
configure:5739: result: yes
configure:5743: checking termio.h presence
configure:5758: gcc -E  conftest.c
configure:5765: $? = 0
configure:5779: result: yes
configure:5812: checking for termio.h
configure:5821: result: yes
configure:5855: checking sys/pte.h usability
configure:5872: gcc -c -g -O  conftest.c >&5
conftest.c:35:21: sys/pte.h: No such file or directory
configure:5879: $? = 1
configure: failed program was:
| /* end confdefs.h.  */
| #include <stdio.h>
| #ifdef HAVE_SYS_TYPES_H
| # include <sys/types.h>
| #endif
| #ifdef HAVE_SYS_STAT_H
| # include <sys/stat.h>
| #endif
| #ifdef STDC_HEADERS
| # include <stdlib.h>
| # include <stddef.h>
| #else
| # ifdef HAVE_STDLIB_H
| #  include <stdlib.h>
| # endif
| #endif
| #ifdef HAVE_STRING_H
| # if !defined STDC_HEADERS && defined HAVE_MEMORY_H
| #  include <memory.h>
| # endif
| # include <string.h>
| #endif
| #ifdef HAVE_STRINGS_H
| # include <strings.h>
| #endif
| #ifdef HAVE_INTTYPES_H
| # include <inttypes.h>
| #endif
| #ifdef HAVE_STDINT_H
| # include <stdint.h>
| #endif
| #ifdef HAVE_UNISTD_H
| # include <unistd.h>
| #endif
| #include <sys/pte.h>
configure:5893: result: no
configure:5897: checking sys/pte.h presence
configure:5912: gcc -E  conftest.c
conftest.c:2:21: sys/pte.h: No such file or directory
configure:5919: $? = 1
configure: failed program was:
| /* end confdefs.h.  */
| #include <sys/pte.h>
| org"
configure:5933: result: no
configure:5966: checking for sys/pte.h
configure:5975: result: no
configure:5855: checking sys/stream.h usability
configure:5872: gcc -c -g -O  conftest.c >&5
conftest.c:35:24: sys/stream.h: No such file or directory
configure:5879: $? = 1
configure: failed program was:
| /* end confdefs.h.  */
| #include <stdio.h>
| #ifdef HAVE_SYS_TYPES_H
| # include <sys/types.h>
| #endif
| #ifdef HAVE_SYS_STAT_H
| # include <sys/stat.h>
| #endif
| #ifdef STDC_HEADERS
| # include <stdlib.h>
| # include <stddef.h>
| #else
| # ifdef HAVE_STDLIB_H
| #  include <stdlib.h>
| # endif
| #endif
| #ifdef HAVE_STRING_H
| # if !defined STDC_HEADERS && defined HAVE_MEMORY_H
| #  include <memory.h>
| # endif
| # include <string.h>
| #endif
| #ifdef HAVE_STRINGS_H
| # include <strings.h>
| #endif
| #ifdef HAVE_INTTYPES_H
| # include <inttypes.h>
| #endif
| #ifdef HAVE_STDINT_H
| # include <stdint.h>
| #endif
| #ifdef HAVE_UNISTD_H
| # include <unistd.h>
| #endif
| #include <sys/stream.h>
configure:5893: result: no
configure:5897: checking sys/stream.h presence
configure:5912: gcc -E  conftest.c
conftest.c:2:24: sys/stream.h: No such file or directory
configure:5919: $? = 1
configure: failed program was:
| /* end confdefs.h.  */
| #include <sys/stream.h>
| "
configure:5933: result: no
configure:5966: checking for sys/stream.h
configure:5975: result: no
configure:5855: checking sys/select.h usability
configure:5872: gcc -c -g -O  conftest.c >&5
configure:5879: $? = 0
configure:5893: result: yes
configure:5897: checking sys/select.h presence
configure:5912: gcc -E  conftest.c
configure:5919: $? = 0
configure:5933: result: yes
configure:5966: checking for sys/select.h
configure:5975: result: yes
configure:5855: checking sys/file.h usability
configure:5872: gcc -c -g -O  conftest.c >&5
configure:5879: $? = 0
configure:5893: result: yes
configure:5897: checking sys/file.h presence
configure:5912: gcc -E  conftest.c
configure:5919: $? = 0
configure:5933: result: yes
configure:5966: checking for sys/file.h
configure:5975: result: yes
configure:5995: checking for sys/ptem.h
configure:6020: gcc -c -g -O  conftest.c >&5
conftest.c:8:22: sys/ptem.h: No such file or directory
configure:6027: $? = 1
configure: failed program was:
| /* end confdefs.h.  */
| 
| #if HAVE_SYS_STREAM_H
| #  include <sys/stream.h>
| #endif
| 
| 
| #include <sys/ptem.h>
configure:6044: result: no
configure:6059: checking for type of signal functions
configure:6092: gcc -o conftest.exe -g -O   conftest.c  >&5
configure:6099: $? = 0
configure:6227: result: posix
configure:6248: checking if signal handlers must be reinstalled when invoked
configure:6316: gcc -o conftest.exe -g -O   conftest.c  >&5
conftest.c:8: error: parse error before "sigfunc"
conftest.c:8: warning: data definition has no type or storage class
conftest.c:31: error: parse error before "sigint"
conftest.c: In function `main':
conftest.c:40: warning: passing arg 2 of `signal' from incompatible pointer type
configure:6320: $? = 1
configure: program exited with status 1
configure: failed program was:
| /* end confdefs.h.  */
| 
| #include <signal.h>
| #ifdef HAVE_UNISTD_H
| #include <unistd.h>
| #endif
| 
| typedef RETSIGTYPE sigfunc();
| 
| int nsigint;
| 
| #ifdef HAVE_POSIX_SIGNALS
| sigfunc *
| set_signal_handler(sig, handler)
|      int sig;
|      sigfunc *handler;
| {
|   struct sigaction act, oact;
|   act.sa_handler = handler;
|   act.sa_flags = 0;
|   sigemptyset (&act.sa_mask);
|   sigemptyset (&oact.sa_mask);
|   sigaction (sig, &act, &oact);
|   return (oact.sa_handler);
| }
| #else
| #define set_signal_handler(s, h) signal(s, h)
| #endif
| 
| RETSIGTYPE
| sigint(s)
| int s;
| {
|   nsigint++;
| }
| 
| main()
| {
| 	nsigint = 0;
| 	set_signal_handler(SIGINT, sigint);
| 	kill((int)getpid(), SIGINT);
| 	kill((int)getpid(), SIGINT);
| 	exit(nsigint != 2);
| }
| 
configure:6348: result: yes
configure:6359: checking for presence of POSIX-style sigsetjmp/siglongjmp
configure:6421: gcc -o conftest.exe -g -O   conftest.c  >&5
configure:6425: $? = 0
configure:6431: ./conftest.exe
configure:6435: $? = 1
configure: program exited with status 1
configure: failed program was:
| /* end confdefs.h.  */
| 
| #ifdef HAVE_UNISTD_H
| #include <unistd.h>
| #endif
| #include <sys/types.h>
| #include <signal.h>
| #include <setjmp.h>
| 
| main()
| {
| #if !defined (_POSIX_VERSION) || !defined (HAVE_POSIX_SIGNALS)
| exit (1);
| #else
| 
| int code;
| sigset_t set, oset;
| sigjmp_buf xx;
| 
| /* get the mask */
| sigemptyset(&set);
| sigemptyset(&oset);
| sigprocmask(SIG_BLOCK, (sigset_t *)NULL, &set);
| sigprocmask(SIG_BLOCK, (sigset_t *)NULL, &oset);
| 
| /* save it */
| code = sigsetjmp(xx, 1);
| if (code)
|   exit(0);	/* could get sigmask and compare to oset here. */
| 
| /* change it */
| sigaddset(&set, SIGINT);
| sigprocmask(SIG_BLOCK, &set, (sigset_t *)NULL);
| 
| /* and siglongjmp */
| siglongjmp(xx, 10);
| exit(1);
| #endif
| }
configure:6453: result: missing
configure:6462: checking for lstat
configure:6491: gcc -o conftest.exe -g -O   conftest.c  >&5
configure:6498: $? = 0
configure:6518: result: yes
configure:6528: checking whether or not strcoll and strcmp differ
configure:6588: gcc -o conftest.exe -g -O   conftest.c  >&5
configure:6592: $? = 0
configure:6598: ./conftest.exe
configure:6602: $? = 0
configure:6620: result: yes
configure:6630: checking whether the ctype macros accept non-ascii characters
configure:6685: gcc -o conftest.exe -g -O   conftest.c  >&5
configure:6689: $? = 0
configure:6695: ./conftest.exe
configure:6699: $? = 1
configure: program exited with status 1
configure: failed program was:
| /* end confdefs.h.  */
| 
| #ifdef HAVE_LOCALE_H
| #include <locale.h>
| #endif
| #include <stdio.h>
| #include <ctype.h>
| 
| main(c, v)
| int	c;
| char	*v[];
| {
| 	char	*deflocale;
| 	unsigned char x;
| 	int	r1, r2;
| 
| #ifdef HAVE_SETLOCALE
| 	/* We take a shot here.  If that locale is not known, try the
| 	   system default.  We try this one because '\342' (226) is
| 	   known to be a printable character in that locale. */
| 	deflocale = setlocale(LC_ALL, "en_US.ISO8859-1");
| 	if (deflocale == 0)
| 		deflocale = setlocale(LC_ALL, "");
| #endif
| 
| 	x = '\342';
| 	r1 = isprint(x);
| 	x -= 128;
| 	r2 = isprint(x);
| 	exit (r1 == 0 || r2 == 0);
| }
| 
configure:6717: result: no
configure:6727: checking whether getpw functions are declared in pwd.h
configure:6756: result: yes
configure:6766: checking whether termios.h defines TIOCGWINSZ
configure:6793: result: yes
configure:6837: checking for sig_atomic_t in signal.h
configure:6865: gcc -o conftest.exe -g -O   conftest.c  >&5
configure:6872: $? = 0
configure:6892: result: yes
configure:7002: checking whether signal handlers are of type void
configure:7036: gcc -c -g -O  conftest.c >&5
configure:7043: $? = 0
configure:7058: result: yes
configure:7068: checking for TIOCSTAT in sys/ioctl.h
configure:7095: gcc -c -g -O  conftest.c >&5
conftest.c: In function `main':
conftest.c:7: error: `TIOCSTAT' undeclared (first use in this function)
conftest.c:7: error: (Each undeclared identifier is reported only once
conftest.c:7: error: for each function it appears in.)
configure:7102: $? = 1
configure: failed program was:
| /* end confdefs.h.  */
| #include <sys/types.h>
| #include <sys/ioctl.h>
| int
| main ()
| {
| int x = TIOCSTAT;
|   ;
|   return 0;
| }
configure:7118: result: no
configure:7127: checking for FIONREAD in sys/ioctl.h
configure:7154: gcc -c -g -O  conftest.c >&5
conftest.c: In function `main':
conftest.c:7: error: `FIONREAD' undeclared (first use in this function)
conftest.c:7: error: (Each undeclared identifier is reported only once
conftest.c:7: error: for each function it appears in.)
configure:7161: $? = 1
configure: failed program was:
| /* end confdefs.h.  */
| #include <sys/types.h>
| #include <sys/ioctl.h>
| int
| main ()
| {
| int x = FIONREAD;
|   ;
|   return 0;
| }
configure:7177: result: no
configure:7186: checking for speed_t in sys/types.h
configure:7212: gcc -c -g -O  conftest.c >&5
conftest.c: In function `main':
conftest.c:6: error: `speed_t' undeclared (first use in this function)
conftest.c:6: error: (Each undeclared identifier is reported only once
conftest.c:6: error: for each function it appears in.)
conftest.c:6: error: parse error before "x"
configure:7219: $? = 1
configure: failed program was:
| /* end confdefs.h.  */
| #include <sys/types.h>
| int
| main ()
| {
| speed_t x;
|   ;
|   return 0;
| }
configure:7235: result: no
configure:7244: checking for struct winsize in sys/ioctl.h and termios.h
configure:7271: gcc -c -g -O  conftest.c >&5
conftest.c: In function `main':
conftest.c:7: error: storage size of 'x' isn't known
configure:7278: $? = 1
configure: failed program was:
| /* end confdefs.h.  */
| #include <sys/types.h>
| #include <sys/ioctl.h>
| int
| main ()
| {
| struct winsize x;
|   ;
|   return 0;
| }
configure:7310: gcc -c -g -O  conftest.c >&5
configure:7317: $? = 0
configure:7345: result: termios.h
configure:7357: checking for struct dirent.d_ino
configure:7405: gcc -c -g -O  conftest.c >&5
conftest.c: In function `main':
conftest.c:27: error: storage size of 'd' isn't known
configure:7412: $? = 1
configure: failed program was:
| /* end confdefs.h.  */
| 
| #include <stdio.h>
| #include <sys/types.h>
| #ifdef HAVE_UNISTD_H
| # include <unistd.h>
| #endif /* HAVE_UNISTD_H */
| #if defined(HAVE_DIRENT_H)
| # include <dirent.h>
| #else
| # define dirent direct
| # ifdef HAVE_SYS_NDIR_H
| #  include <sys/ndir.h>
| # endif /* SYSNDIR */
| # ifdef HAVE_SYS_DIR_H
| #  include <sys/dir.h>
| # endif /* SYSDIR */
| # ifdef HAVE_NDIR_H
| #  include <ndir.h>
| # endif
| #endif /* HAVE_DIRENT_H */
| 
| int
| main ()
| {
| 
| struct dirent d; int z; z = d.d_ino;
| 
|   ;
|   return 0;
| }
configure:7428: result: no
configure:7438: checking for struct dirent.d_fileno
configure:7486: gcc -c -g -O  conftest.c >&5
conftest.c: In function `main':
conftest.c:27: error: storage size of 'd' isn't known
configure:7493: $? = 1
configure: failed program was:
| /* end confdefs.h.  */
| 
| #include <stdio.h>
| #include <sys/types.h>
| #ifdef HAVE_UNISTD_H
| # include <unistd.h>
| #endif /* HAVE_UNISTD_H */
| #if defined(HAVE_DIRENT_H)
| # include <dirent.h>
| #else
| # define dirent direct
| # ifdef HAVE_SYS_NDIR_H
| #  include <sys/ndir.h>
| # endif /* SYSNDIR */
| # ifdef HAVE_SYS_DIR_H
| #  include <sys/dir.h>
| # endif /* SYSDIR */
| # ifdef HAVE_NDIR_H
| #  include <ndir.h>
| # endif
| #endif /* HAVE_DIRENT_H */
| 
| int
| main ()
| {
| 
| struct dirent d; int z; z = d.d_fileno;
| 
|   ;
|   return 0;
| }
configure:7509: result: no
configure:7533: checking for tgetent
configure:7589: gcc -o conftest.exe -g -O   conftest.c  >&5
/cygdrive/c/DOCUME~1/CHENLI~1/LOCALS~1/Temp/ccyezxYx.o: In function `main':
/cygdrive/d/readline-6.0/conftest.c:36: undefined reference to `_tgetent'
collect2: ld returned 1 exit status
configure:7596: $? = 1
configure: failed program was:
| /* end confdefs.h.  */
| /* Define tgetent to an innocuous variant, in case <limits.h> declares tgetent.
|    For example, HP-UX 11i <limits.h> declares gettimeofday.  */
| #define tgetent innocuous_tgetent
| 
| /* System header to define __stub macros and hopefully few prototypes,
|     which can conflict with char tgetent (); below.
|     Prefer <limits.h> to <assert.h> if __STDC__ is defined, since
|     <limits.h> exists even on freestanding compilers.  */
| 
| #ifdef __STDC__
| # include <limits.h>
| #else
| # include <assert.h>
| #endif
| 
| #undef tgetent
| 
| /* Override any GCC internal prototype to avoid an error.
|    Use char because int might match the return type of a GCC
|    builtin and then its argument prototype would still apply.  */
| #ifdef __cplusplus
| extern "C"
| #endif
| char tgetent ();
| /* The GNU C library defines this for functions which it implements
|     to always fail with ENOSYS.  Some functions are actually named
|     something starting with __ and the normal name is an alias.  */
| #if defined __stub_tgetent || defined __stub___tgetent
| choke me
| #endif
| 
| int
| main ()
| {
| return tgetent ();
|   ;
|   return 0;
| }
configure:7616: result: no
configure:7621: checking for tgetent in -ltermcap
configure:7656: gcc -o conftest.exe -g -O   conftest.c -ltermcap   >&5
configure:7663: $? = 0
configure:7684: result: yes
configure:7907: checking which library has the termcap functions
configure:7910: result: using libtermcap
configure:7958: checking wctype.h usability
configure:7975: gcc -c -g -O  conftest.c >&5
configure:7982: $? = 0
configure:7996: result: yes
configure:8000: checking wctype.h presence
configure:8015: gcc -E  conftest.c
configure:8022: $? = 0
configure:8036: result: yes
configure:8069: checking for wctype.h
configure:8078: result: yes
configure:8109: checking wchar.h usability
configure:8126: gcc -c -g -O  conftest.c >&5
configure:8133: $? = 0
configure:8147: result: yes
configure:8151: checking wchar.h presence
configure:8166: gcc -E  conftest.c
configure:8173: $? = 0
configure:8187: result: yes
configure:8220: checking for wchar.h
configure:8229: result: yes
configure:8260: checking langinfo.h usability
configure:8277: gcc -c -g -O  conftest.c >&5
configure:8284: $? = 0
configure:8298: result: yes
configure:8302: checking langinfo.h presence
configure:8317: gcc -E  conftest.c
configure:8324: $? = 0
configure:8338: result: yes
configure:8371: checking for langinfo.h
configure:8380: result: yes
configure:8396: checking for mbrlen
configure:8452: gcc -o conftest.exe -g -O   conftest.c  >&5
configure:8459: $? = 0
configure:8479: result: yes
configure:8488: checking for mbscmp
configure:8544: gcc -o conftest.exe -g -O   conftest.c  >&5
/cygdrive/c/DOCUME~1/CHENLI~1/LOCALS~1/Temp/ccYA2f1L.o: In function `main':
/cygdrive/d/readline-6.0/conftest.c:36: undefined reference to `_mbscmp'
collect2: ld returned 1 exit status
configure:8551: $? = 1
configure: failed program was:
| /* end confdefs.h.  */
| /* Define mbscmp to an innocuous variant, in case <limits.h> declares mbscmp.
|    For example, HP-UX 11i <limits.h> declares gettimeofday.  */
| #define mbscmp innocuous_mbscmp
| 
| /* System header to define __stub macros and hopefully few prototypes,
|     which can conflict with char mbscmp (); below.
|     Prefer <limits.h> to <assert.h> if __STDC__ is defined, since
|     <limits.h> exists even on freestanding compilers.  */
| 
| #ifdef __STDC__
| # include <limits.h>
| #else
| # include <assert.h>
| #endif
| 
| #undef mbscmp
| 
| /* Override any GCC internal prototype to avoid an error.
|    Use char because int might match the return type of a GCC
|    builtin and then its argument prototype would still apply.  */
| #ifdef __cplusplus
| extern "C"
| #endif
| char mbscmp ();
| /* The GNU C library defines this for functions which it implements
|     to always fail with ENOSYS.  Some functions are actually named
|     something starting with __ and the normal name is an alias.  */
| #if defined __stub_mbscmp || defined __stub___mbscmp
| choke me
| #endif
| 
| int
| main ()
| {
| return mbscmp ();
|   ;
|   return 0;
| }
configure:8571: result: no
configure:8580: checking for mbsrtowcs
configure:8636: gcc -o conftest.exe -g -O   conftest.c  >&5
configure:8643: $? = 0
configure:8663: result: yes
configure:8673: checking for wcrtomb
configure:8729: gcc -o conftest.exe -g -O   conftest.c  >&5
configure:8736: $? = 0
configure:8756: result: yes
configure:8765: checking for wcscoll
configure:8821: gcc -o conftest.exe -g -O   conftest.c  >&5
configure:8828: $? = 0
configure:8848: result: yes
configure:8857: checking for wcsdup
configure:8913: gcc -o conftest.exe -g -O   conftest.c  >&5
/cygdrive/c/DOCUME~1/CHENLI~1/LOCALS~1/Temp/ccBE1cag.o: In function `main':
/cygdrive/d/readline-6.0/conftest.c:36: undefined reference to `_wcsdup'
collect2: ld returned 1 exit status
configure:8920: $? = 1
configure: failed program was:
| /* end confdefs.h.  */
| /* Define wcsdup to an innocuous variant, in case <limits.h> declares wcsdup.
|    For example, HP-UX 11i <limits.h> declares gettimeofday.  */
| #define wcsdup innocuous_wcsdup
| 
| /* System header to define __stub macros and hopefully few prototypes,
|     which can conflict with char wcsdup (); below.
|     Prefer <limits.h> to <assert.h> if __STDC__ is defined, since
|     <limits.h> exists even on freestanding compilers.  */
| 
| #ifdef __STDC__
| # include <limits.h>
| #else
| # include <assert.h>
| #endif
| 
| #undef wcsdup
| 
| /* Override any GCC internal prototype to avoid an error.
|    Use char because int might match the return type of a GCC
|    builtin and then its argument prototype would still apply.  */
| #ifdef __cplusplus
| extern "C"
| #endif
| char wcsdup ();
| /* The GNU C library defines this for functions which it implements
|     to always fail with ENOSYS.  Some functions are actually named
|     something starting with __ and the normal name is an alias.  */
| #if defined __stub_wcsdup || defined __stub___wcsdup
| choke me
| #endif
| 
| int
| main ()
| {
| return wcsdup ();
|   ;
|   return 0;
| }
configure:8940: result: no
configure:8949: checking for wcwidth
configure:9005: gcc -o conftest.exe -g -O   conftest.c  >&5
configure:9012: $? = 0
configure:9032: result: yes
configure:9041: checking for wctype
configure:9097: gcc -o conftest.exe -g -O   conftest.c  >&5
configure:9104: $? = 0
configure:9124: result: yes
configure:9135: checking whether mbrtowc and mbstate_t are properly declared
configure:9165: gcc -o conftest.exe -g -O   conftest.c  >&5
configure:9172: $? = 0
configure:9192: result: yes
configure:9217: checking for iswlower
configure:9273: gcc -o conftest.exe -g -O   conftest.c  >&5
configure:9280: $? = 0
configure:9302: result: yes
configure:9217: checking for iswupper
configure:9273: gcc -o conftest.exe -g -O   conftest.c  >&5
configure:9280: $? = 0
configure:9302: result: yes
configure:9217: checking for towlower
configure:9273: gcc -o conftest.exe -g -O   conftest.c  >&5
configure:9280: $? = 0
configure:9302: result: yes
configure:9217: checking for towupper
configure:9273: gcc -o conftest.exe -g -O   conftest.c  >&5
configure:9280: $? = 0
configure:9302: result: yes
configure:9217: checking for iswctype
configure:9273: gcc -o conftest.exe -g -O   conftest.c  >&5
configure:9280: $? = 0
configure:9302: result: yes
configure:9315: checking for nl_langinfo and CODESET
configure:9341: gcc -o conftest.exe -g -O   conftest.c  >&5
configure:9348: $? = 0
configure:9368: result: yes
configure:9377: checking for wchar_t in wchar.h
configure:9407: gcc -c -g -O  conftest.c >&5
configure:9414: $? = 0
configure:9429: result: yes
configure:9439: checking for wctype_t in wctype.h
configure:9468: gcc -c -g -O  conftest.c >&5
configure:9475: $? = 0
configure:9490: result: yes
configure:9500: checking for wint_t in wctype.h
configure:9529: gcc -c -g -O  conftest.c >&5
configure:9536: $? = 0
configure:9551: result: yes
configure:9578: checking configuration for building shared libraries
configure:9602: result: supported
configure:9767: creating ./config.status

## ---------------- ##
## Cache variables. ##
## ---------------- ##

ac_cv_build=i686-pc-cygwin
ac_cv_c_char_unsigned=no
ac_cv_c_compiler_gnu=yes
ac_cv_c_const=yes
ac_cv_c_volatile=yes
ac_cv_env_CC_set=
ac_cv_env_CC_value=
ac_cv_env_CFLAGS_set=
ac_cv_env_CFLAGS_value=
ac_cv_env_CPPFLAGS_set=
ac_cv_env_CPPFLAGS_value=
ac_cv_env_CPP_set=
ac_cv_env_CPP_value=
ac_cv_env_LDFLAGS_set=
ac_cv_env_LDFLAGS_value=
ac_cv_env_LIBS_set=
ac_cv_env_LIBS_value=
ac_cv_env_build_alias_set=
ac_cv_env_build_alias_value=
ac_cv_env_host_alias_set=set
ac_cv_env_host_alias_value=powerpc-linux
ac_cv_env_target_alias_set=
ac_cv_env_target_alias_value=
ac_cv_exeext=.exe
ac_cv_func_fcntl=yes
ac_cv_func_getpwent=yes
ac_cv_func_getpwnam=yes
ac_cv_func_getpwuid=yes
ac_cv_func_isascii=yes
ac_cv_func_iswctype=yes
ac_cv_func_iswlower=yes
ac_cv_func_iswupper=yes
ac_cv_func_isxdigit=yes
ac_cv_func_kill=yes
ac_cv_func_lstat=yes
ac_cv_func_mbrlen=yes
ac_cv_func_mbrtowc=yes
ac_cv_func_mbscmp=no
ac_cv_func_mbsrtowcs=yes
ac_cv_func_memmove=yes
ac_cv_func_putenv=yes
ac_cv_func_select=yes
ac_cv_func_setenv=yes
ac_cv_func_setlocale=yes
ac_cv_func_strcasecmp=yes
ac_cv_func_strcoll_works=yes
ac_cv_func_strpbrk=yes
ac_cv_func_tcgetattr=yes
ac_cv_func_tgetent=no
ac_cv_func_towlower=yes
ac_cv_func_towupper=yes
ac_cv_func_vsnprintf=yes
ac_cv_func_wcrtomb=yes
ac_cv_func_wcscoll=yes
ac_cv_func_wcsdup=no
ac_cv_func_wctype=yes
ac_cv_func_wcwidth=yes
ac_cv_have_sig_atomic_t=yes
ac_cv_header_dirent_dirent_h=yes
ac_cv_header_fcntl_h=yes
ac_cv_header_inttypes_h=yes
ac_cv_header_langinfo_h=yes
ac_cv_header_limits_h=yes
ac_cv_header_locale_h=yes
ac_cv_header_memory_h=yes
ac_cv_header_minix_config_h=no
ac_cv_header_pwd_h=yes
ac_cv_header_stat_broken=no
ac_cv_header_stdarg_h=yes
ac_cv_header_stdc=yes
ac_cv_header_stdint_h=yes
ac_cv_header_stdlib_h=yes
ac_cv_header_string_h=yes
ac_cv_header_strings_h=yes
ac_cv_header_sys_file_h=yes
ac_cv_header_sys_pte_h=no
ac_cv_header_sys_ptem_h=no
ac_cv_header_sys_select_h=yes
ac_cv_header_sys_stat_h=yes
ac_cv_header_sys_stream_h=no
ac_cv_header_sys_types_h=yes
ac_cv_header_termcap_h=yes
ac_cv_header_termio_h=yes
ac_cv_header_termios_h=yes
ac_cv_header_unistd_h=yes
ac_cv_header_varargs_h=no
ac_cv_header_wchar_h=yes
ac_cv_header_wctype_h=yes
ac_cv_host=powerpc-unknown-linux-gnu
ac_cv_lib_termcap_tgetent=yes
ac_cv_objext=o
ac_cv_path_EGREP='/usr/bin/grep -E'
ac_cv_path_GREP=/usr/bin/grep
ac_cv_path_install='/usr/bin/install -c'
ac_cv_prog_AR=ar
ac_cv_prog_CPP='gcc -E'
ac_cv_prog_ac_ct_CC=gcc
ac_cv_prog_ac_ct_RANLIB=ranlib
ac_cv_prog_cc_c89=
ac_cv_prog_cc_g=yes
ac_cv_prog_gcc_traditional=no
ac_cv_prog_make_make_set=yes
ac_cv_safe_to_define___extensions__=yes
ac_cv_search_opendir='none required'
ac_cv_sys_tiocgwinsz_in_termios_h=yes
ac_cv_type_signal=void
ac_cv_type_size_t=yes
ac_cv_type_ssize_t=yes
bash_cv_dirent_has_d_fileno=no
bash_cv_dirent_has_dino=no
bash_cv_fionread_in_ioctl=no
bash_cv_func_ctype_nonascii=no
bash_cv_func_lstat=yes
bash_cv_func_sigsetjmp=missing
bash_cv_func_strcoll_broken=yes
bash_cv_getpw_declared=yes
bash_cv_langinfo_codeset=yes
bash_cv_must_reinstall_sighandlers=yes
bash_cv_signal_vintage=posix
bash_cv_speed_t_in_sys_types=no
bash_cv_struct_winsize_header=termios_h
bash_cv_termcap_lib=libtermcap
bash_cv_tiocstat_in_ioctl=no
bash_cv_type_wchar_t=yes
bash_cv_type_wctype_t=yes
bash_cv_type_wint_t=yes
bash_cv_void_sighandler=yes

## ----------------- ##
## Output variables. ##
## ----------------- ##

AR='ar'
ARFLAGS='cr'
BUILD_DIR='/cygdrive/d/readline-6.0'
CC='gcc'
CFLAGS='-g -O'
CPP='gcc -E'
CPPFLAGS=''
CROSS_COMPILE=''
DEFS='-DHAVE_CONFIG_H'
ECHO_C=''
ECHO_N='-n'
ECHO_T=''
EGREP='/usr/bin/grep -E'
EXEEXT='.exe'
GREP='/usr/bin/grep'
INSTALL_DATA='${INSTALL} -m 644'
INSTALL_PROGRAM='${INSTALL}'
INSTALL_SCRIPT='${INSTALL}'
LDFLAGS=''
LIBOBJS=''
LIBS=''
LIBVERSION='6.0'
LOCAL_CFLAGS=''
LOCAL_DEFS=''
LOCAL_LDFLAGS=''
LTLIBOBJS=''
MAKE_SHELL='/bin/sh'
OBJEXT='o'
PACKAGE_BUGREPORT='bug-readline@gnu.org'
PACKAGE_NAME='readline'
PACKAGE_STRING='readline 6.0'
PACKAGE_TARNAME='readline'
PACKAGE_VERSION='6.0'
PATH_SEPARATOR=':'
PURIFY=''
RANLIB='ranlib'
SET_MAKE=''
SHARED_INSTALL_TARGET='install-shared'
SHARED_TARGET='shared'
SHELL='/bin/sh'
SHLIB_DLLVERSION='$(SHLIB_MAJOR)'
SHLIB_DOT='.'
SHLIB_LIBPREF='lib'
SHLIB_LIBS=''
SHLIB_LIBSUFF='so'
SHLIB_LIBVERSION='$(SHLIB_LIBSUFF).$(SHLIB_MAJOR)$(SHLIB_MINOR)'
SHLIB_MAJOR='6'
SHLIB_MINOR='0'
SHLIB_STATUS='supported'
SHLIB_XLDFLAGS='-Wl,-rpath,$(libdir) -Wl,-soname,`basename $@ $(SHLIB_MINOR)`'
SHOBJ_CC='gcc'
SHOBJ_CFLAGS='-fPIC'
SHOBJ_LD='${CC}'
SHOBJ_LDFLAGS='-shared -Wl,-soname,$@'
SHOBJ_LIBS=''
SHOBJ_STATUS='supported'
SHOBJ_XLDFLAGS=''
STATIC_INSTALL_TARGET='install-static'
STATIC_TARGET='static'
TERMCAP_LIB='-ltermcap'
ac_ct_CC='gcc'
bindir='${exec_prefix}/bin'
build='i686-pc-cygwin'
build_alias=''
build_cpu='i686'
build_os='cygwin'
build_vendor='pc'
datadir='${datarootdir}'
datarootdir='${prefix}/share'
docdir='${datarootdir}/doc/${PACKAGE_TARNAME}'
dvidir='${docdir}'
exec_prefix='${prefix}'
host='powerpc-unknown-linux-gnu'
host_alias='powerpc-linux'
host_cpu='powerpc'
host_os='linux-gnu'
host_vendor='unknown'
htmldir='${docdir}'
includedir='${prefix}/include'
infodir='${datarootdir}/info'
libdir='${exec_prefix}/lib'
libexecdir='${exec_prefix}/libexec'
localedir='${datarootdir}/locale'
localstatedir='${prefix}/var'
mandir='${datarootdir}/man'
oldincludedir='/usr/include'
pdfdir='${docdir}'
prefix='/usr/local'
program_transform_name='s,x,x,'
psdir='${docdir}'
sbindir='${exec_prefix}/sbin'
sharedstatedir='${prefix}/com'
sysconfdir='${prefix}/etc'
target_alias=''

## ----------- ##
## confdefs.h. ##
## ----------- ##

#define HAVE_WINT_T 1
1
DESET 1
S 1

ne@gnu.org"

configure: exit 1
